c:\users\proal\documents\github\al-engine\al-engine\x64\debug\vc140.pdb
c:\users\proal\documents\github\al-engine\al-engine\x64\debug\vc140.idb
c:\users\proal\documents\github\al-engine\al-engine\x64\debug\al-engine.pdb
c:\users\proal\documents\github\al-engine\al-engine\x64\debug\al-engine.idb
c:\users\proal\documents\github\al-engine\al-engine\x64\debug\director.obj
c:\users\proal\documents\github\al-engine\al-engine\x64\debug\dxut.obj
c:\users\proal\documents\github\al-engine\al-engine\x64\debug\dxutenum.obj
c:\users\proal\documents\github\al-engine\al-engine\x64\debug\dxutmisc.obj
c:\users\proal\documents\github\al-engine\al-engine\x64\debug\dxutcamera.obj
c:\users\proal\documents\github\al-engine\al-engine\x64\debug\dxutgui.obj
c:\users\proal\documents\github\al-engine\al-engine\x64\debug\dxutguiime.obj
c:\users\proal\documents\github\al-engine\al-engine\x64\debug\dxutres.obj
c:\users\proal\documents\github\al-engine\al-engine\x64\debug\dxutsettingsdlg.obj
c:\users\proal\documents\github\al-engine\al-engine\x64\debug\dxutshapes.obj
c:\users\proal\documents\github\al-engine\al-engine\x64\debug\imeui.obj
c:\users\proal\documents\github\al-engine\al-engine\x64\debug\sdkmesh.obj
c:\users\proal\documents\github\al-engine\al-engine\x64\debug\sdkmisc.obj
c:\users\proal\documents\github\al-engine\al-engine\x64\debug\sdksound.obj
c:\users\proal\documents\github\al-engine\al-engine\x64\debug\sdkwavefile.obj
c:\users\proal\documents\github\al-engine\al-engine\x64\debug\node.obj
c:\users\proal\documents\github\al-engine\al-engine\x64\debug\ref.obj
c:\users\proal\documents\github\al-engine\al-engine\x64\debug\scene.obj
c:\users\proal\documents\github\al-engine\al-engine\x64\debug\texture.obj
c:\users\proal\documents\github\al-engine\al-engine\x64\debug\types.obj
c:\users\proal\documents\github\al-engine\al-engine\x64\debug\application.obj
c:\users\proal\documents\github\al-engine\al-engine\x64\debug\autoreleasepool.obj
c:\users\proal\documents\github\al-engine\al-engine\x64\debug\renderer.obj
c:\users\proal\documents\github\al-engine\al-engine\x64\debug\collider.obj
c:\users\proal\documents\github\al-engine\al-engine\x64\debug\sprite.obj
c:\users\proal\documents\github\al-engine\x64\debug\al-engine.lib
c:\users\proal\documents\github\al-engine\x64\debug\al-engine.pdb
c:\users\proal\documents\github\al-engine\al-engine\x64\debug\al-engine.tlog\cl.command.1.tlog
c:\users\proal\documents\github\al-engine\al-engine\x64\debug\al-engine.tlog\cl.read.1.tlog
c:\users\proal\documents\github\al-engine\al-engine\x64\debug\al-engine.tlog\cl.write.1.tlog
c:\users\proal\documents\github\al-engine\al-engine\x64\debug\al-engine.tlog\lib-link.read.1.tlog
c:\users\proal\documents\github\al-engine\al-engine\x64\debug\al-engine.tlog\lib-link.write.1.tlog
c:\users\proal\documents\github\al-engine\al-engine\x64\debug\al-engine.tlog\lib.command.1.tlog
